//----------------------------------------------------------------------------//
// Generated by LegUp High-Level Synthesis Tool Version 4.0 (http://legup.org)
// Compiled: Tue Sep 25 00:15:45 2018
// University of Toronto
// For research and academic purposes only. Commercial use is prohibited.
// Please send bugs to: legup@eecg.toronto.edu
// Date: Thu Jul 11 21:41:15 2019
//----------------------------------------------------------------------------//

-----------------Function: main---------------
-------------------------1---------------------------
-----------------Delay of path:7.58 ns---------------
-----------------State:LEGUP_F_main_BB_preheaderi_156-----------------
(2.50 ns) --- (2.50 ns) ---   %404 = add nsw i32 %364, %360
(2.50 ns) --- (4.99 ns) ---   %406 = add nsw i32 %404, %292
(2.59 ns) --- (7.58 ns) ---   %408 = mul nsw i32 %406, -44

-----------------Function: main---------------
-------------------------2---------------------------
-----------------Delay of path:7.58 ns---------------
-----------------State:LEGUP_F_main_BB_preheaderi_155-----------------
(2.50 ns) --- (2.50 ns) ---   %355 = add nsw i32 %351, %354
(0.00 ns) --- (2.50 ns) ---   %356 = ashr i32 %355, 14
(2.50 ns) --- (4.99 ns) ---   %380 = add nsw i32 %356, %364
(2.59 ns) --- (7.58 ns) ---   %386 = mul nsw i32 %dec_ph2.0, %380

-----------------Function: main---------------
-------------------------3---------------------------
-----------------Delay of path:7.58 ns---------------
-----------------State:LEGUP_F_main_BB_preheaderi_155-----------------
(2.50 ns) --- (2.50 ns) ---   %355 = add nsw i32 %351, %354
(0.00 ns) --- (2.50 ns) ---   %356 = ashr i32 %355, 14
(2.50 ns) --- (4.99 ns) ---   %380 = add nsw i32 %356, %364
(2.59 ns) --- (7.58 ns) ---   %382 = mul nsw i32 %dec_ph1.0, %380

-----------------Function: main---------------
-------------------------4---------------------------
-----------------Delay of path:7.49 ns---------------
-----------------State:LEGUP_F_main_BB_preheaderi_156-----------------
(2.50 ns) --- (2.50 ns) ---   %404 = add nsw i32 %364, %360
(2.40 ns) --- (4.90 ns) ---   %405 = sub nsw i32 %292, %404
(2.59 ns) --- (7.49 ns) ---   %407 = mul nsw i32 %405, 12

-----------------Function: main---------------
-------------------------5---------------------------
-----------------Delay of path:5.09 ns---------------
-----------------State:LEGUP_F_main_BB_quantlexiti_76-----------------
(2.50 ns) --- (2.50 ns) ---   %209 = add nsw i32 %183, %199
(2.59 ns) --- (5.09 ns) ---   %215 = mul nsw i32 %ph2.0, %209

-----------------Function: main---------------
-------------------------6---------------------------
-----------------Delay of path:5.09 ns---------------
-----------------State:LEGUP_F_main_BB_quantlexiti_76-----------------
(0.00 ns) --- (0.00 ns) ---   %199 = ashr i32 %198, 15
(2.50 ns) --- (2.50 ns) ---   %209 = add nsw i32 %183, %199
(2.59 ns) --- (5.09 ns) ---   %215 = mul nsw i32 %ph2.0, %209

-----------------Function: main---------------
-------------------------7---------------------------
-----------------Delay of path:5.09 ns---------------
-----------------State:LEGUP_F_main_BB_quantlexiti_76-----------------
(2.50 ns) --- (2.50 ns) ---   %209 = add nsw i32 %183, %199
(2.59 ns) --- (5.09 ns) ---   %211 = mul nsw i32 %ph1.0, %209

-----------------Function: main---------------
-------------------------8---------------------------
-----------------Delay of path:5.09 ns---------------
-----------------State:LEGUP_F_main_BB_quantlexiti_76-----------------
(0.00 ns) --- (0.00 ns) ---   %199 = ashr i32 %198, 15
(2.50 ns) --- (2.50 ns) ---   %209 = add nsw i32 %183, %199
(2.59 ns) --- (5.09 ns) ---   %211 = mul nsw i32 %ph1.0, %209

-----------------Function: main---------------
-------------------------9---------------------------
-----------------Delay of path:5.09 ns---------------
-----------------State:LEGUP_F_main_BB_quantlexiti_52-----------------
(0.00 ns) --- (0.00 ns) ---   %127 = ashr i32 %126, 15
(2.50 ns) --- (2.50 ns) ---   %137 = add nsw i32 %105, %127
(2.59 ns) --- (5.09 ns) ---   %143 = mul nsw i32 %plt2.0, %137

-----------------Function: main---------------
-------------------------10---------------------------
-----------------Delay of path:5.09 ns---------------
-----------------State:LEGUP_F_main_BB_quantlexiti_52-----------------
(0.00 ns) --- (0.00 ns) ---   %127 = ashr i32 %126, 15
(2.50 ns) --- (2.50 ns) ---   %137 = add nsw i32 %105, %127
(2.59 ns) --- (5.09 ns) ---   %139 = mul nsw i32 %plt1.0, %137


