//----------------------------------------------------------------------------//
// Generated by LegUp High-Level Synthesis Tool Version 4.0 (http://legup.org)
// Compiled: Tue Sep 25 00:15:45 2018
// University of Toronto
// For research and academic purposes only. Commercial use is prohibited.
// Please send bugs to: legup@eecg.toronto.edu
// Date: Thu Jul 11 21:41:14 2019
//----------------------------------------------------------------------------//

-----------------Function: upzero---------------
-------------------------1---------------------------
-----------------Delay of path:2.59 ns---------------
-----------------State:LEGUP_F_upzero_BB_preheader1_4-----------------
(2.59 ns) --- (2.59 ns) ---   %3 = mul nsw i32 %2, %dlt

-----------------Function: upzero---------------
-------------------------2---------------------------
-----------------Delay of path:2.59 ns---------------
-----------------State:LEGUP_F_upzero_BB_preheader1_4-----------------
(2.59 ns) --- (2.59 ns) ---   %8 = mul nsw i32 %7, 255

-----------------Function: upzero---------------
-------------------------3---------------------------
-----------------Delay of path:2.59 ns---------------
-----------------State:LEGUP_F_upzero_BB_preheader1_8-----------------
(2.59 ns) --- (2.59 ns) ---   %13 = mul nsw i32 %12, %dlt

-----------------Function: upzero---------------
-------------------------4---------------------------
-----------------Delay of path:2.59 ns---------------
-----------------State:LEGUP_F_upzero_BB_preheader1_8-----------------
(2.59 ns) --- (2.59 ns) ---   %19 = mul nsw i32 %18, 255

-----------------Function: upzero---------------
-------------------------5---------------------------
-----------------Delay of path:2.59 ns---------------
-----------------State:LEGUP_F_upzero_BB_preheader1_12-----------------
(2.59 ns) --- (2.59 ns) ---   %24 = mul nsw i32 %23, %dlt

-----------------Function: upzero---------------
-------------------------6---------------------------
-----------------Delay of path:2.59 ns---------------
-----------------State:LEGUP_F_upzero_BB_preheader1_12-----------------
(2.59 ns) --- (2.59 ns) ---   %30 = mul nsw i32 %29, 255

-----------------Function: upzero---------------
-------------------------7---------------------------
-----------------Delay of path:2.59 ns---------------
-----------------State:LEGUP_F_upzero_BB_preheader1_16-----------------
(2.59 ns) --- (2.59 ns) ---   %35 = mul nsw i32 %34, %dlt

-----------------Function: upzero---------------
-------------------------8---------------------------
-----------------Delay of path:2.59 ns---------------
-----------------State:LEGUP_F_upzero_BB_preheader1_16-----------------
(2.59 ns) --- (2.59 ns) ---   %41 = mul nsw i32 %40, 255

-----------------Function: upzero---------------
-------------------------9---------------------------
-----------------Delay of path:2.59 ns---------------
-----------------State:LEGUP_F_upzero_BB_preheader1_20-----------------
(2.59 ns) --- (2.59 ns) ---   %46 = mul nsw i32 %45, %dlt

-----------------Function: upzero---------------
-------------------------10---------------------------
-----------------Delay of path:2.59 ns---------------
-----------------State:LEGUP_F_upzero_BB_preheader1_20-----------------
(2.59 ns) --- (2.59 ns) ---   %52 = mul nsw i32 %51, 255


-----------------Function: main---------------
-------------------------1---------------------------
-----------------Delay of path:7.58 ns---------------
-----------------State:LEGUP_F_main_BB_preheaderi_155-----------------
(2.50 ns) --- (2.50 ns) ---   %355 = add nsw i32 %351, %354
(0.00 ns) --- (2.50 ns) ---   %356 = ashr i32 %355, 14
(2.50 ns) --- (4.99 ns) ---   %380 = add nsw i32 %356, %364
(2.59 ns) --- (7.58 ns) ---   %382 = mul nsw i32 %dec_ph1.0, %380

-----------------Function: main---------------
-------------------------2---------------------------
-----------------Delay of path:7.58 ns---------------
-----------------State:LEGUP_F_main_BB_preheaderi_155-----------------
(2.50 ns) --- (2.50 ns) ---   %355 = add nsw i32 %351, %354
(0.00 ns) --- (2.50 ns) ---   %356 = ashr i32 %355, 14
(2.50 ns) --- (4.99 ns) ---   %380 = add nsw i32 %356, %364
(2.59 ns) --- (7.58 ns) ---   %386 = mul nsw i32 %dec_ph2.0, %380

-----------------Function: main---------------
-------------------------3---------------------------
-----------------Delay of path:7.58 ns---------------
-----------------State:LEGUP_F_main_BB_preheaderi_156-----------------
(2.50 ns) --- (2.50 ns) ---   %404 = add nsw i32 %364, %360
(2.50 ns) --- (4.99 ns) ---   %406 = add nsw i32 %404, %292
(2.59 ns) --- (7.58 ns) ---   %408 = mul nsw i32 %406, -44

-----------------Function: main---------------
-------------------------4---------------------------
-----------------Delay of path:7.49 ns---------------
-----------------State:LEGUP_F_main_BB_preheaderi_156-----------------
(2.50 ns) --- (2.50 ns) ---   %404 = add nsw i32 %364, %360
(2.40 ns) --- (4.90 ns) ---   %405 = sub nsw i32 %292, %404
(2.59 ns) --- (7.49 ns) ---   %407 = mul nsw i32 %405, 12

-----------------Function: main---------------
-------------------------5---------------------------
-----------------Delay of path:5.09 ns---------------
-----------------State:LEGUP_F_main_BB_quantlexiti_52-----------------
(0.00 ns) --- (0.00 ns) ---   %127 = ashr i32 %126, 15
(2.50 ns) --- (2.50 ns) ---   %137 = add nsw i32 %105, %127
(2.59 ns) --- (5.09 ns) ---   %139 = mul nsw i32 %plt1.0, %137

-----------------Function: main---------------
-------------------------6---------------------------
-----------------Delay of path:5.09 ns---------------
-----------------State:LEGUP_F_main_BB_quantlexiti_52-----------------
(0.00 ns) --- (0.00 ns) ---   %127 = ashr i32 %126, 15
(2.50 ns) --- (2.50 ns) ---   %137 = add nsw i32 %105, %127
(2.59 ns) --- (5.09 ns) ---   %143 = mul nsw i32 %plt2.0, %137

-----------------Function: main---------------
-------------------------7---------------------------
-----------------Delay of path:5.09 ns---------------
-----------------State:LEGUP_F_main_BB_quantlexiti_76-----------------
(0.00 ns) --- (0.00 ns) ---   %199 = ashr i32 %198, 15
(2.50 ns) --- (2.50 ns) ---   %209 = add nsw i32 %183, %199
(2.59 ns) --- (5.09 ns) ---   %211 = mul nsw i32 %ph1.0, %209

-----------------Function: main---------------
-------------------------8---------------------------
-----------------Delay of path:5.09 ns---------------
-----------------State:LEGUP_F_main_BB_quantlexiti_76-----------------
(2.50 ns) --- (2.50 ns) ---   %209 = add nsw i32 %183, %199
(2.59 ns) --- (5.09 ns) ---   %211 = mul nsw i32 %ph1.0, %209

-----------------Function: main---------------
-------------------------9---------------------------
-----------------Delay of path:5.09 ns---------------
-----------------State:LEGUP_F_main_BB_quantlexiti_76-----------------
(0.00 ns) --- (0.00 ns) ---   %199 = ashr i32 %198, 15
(2.50 ns) --- (2.50 ns) ---   %209 = add nsw i32 %183, %199
(2.59 ns) --- (5.09 ns) ---   %215 = mul nsw i32 %ph2.0, %209

-----------------Function: main---------------
-------------------------10---------------------------
-----------------Delay of path:5.09 ns---------------
-----------------State:LEGUP_F_main_BB_quantlexiti_76-----------------
(2.50 ns) --- (2.50 ns) ---   %209 = add nsw i32 %183, %199
(2.59 ns) --- (5.09 ns) ---   %215 = mul nsw i32 %ph2.0, %209


